GRADIENT

====================Beginning new step 0======================

/home/zander/github_proj/optavc/examples/optimization_analytic/STEP00
checking for correct working dir: /home/zander/github_proj/optavc/examples/optimization_analytic/STEP00
/home/zander/github_proj/optavc/optimize.py:46: FutureWarning: Using `psi4.core.set_gradient` (only used internally for C++ optking; deprecated silently in 1.2) is deprecated, and in 1.4 (or whenever Py optking is adopted) it will stop working

  psi4.core.set_gradient(grad)

====================Beginning new step 1======================

/home/zander/github_proj/optavc/examples/optimization_analytic/STEP00/STEP01
forrtl: error (69): process interrupted (SIGINT)
Image              PC                Routine            Line        Source             
libgdma.so         00007FC4D316510F  for__signal_handl     Unknown  Unknown
libpthread-2.31.s  00007FC4D81B13C0  Unknown               Unknown  Unknown
libc-2.31.so       00007FC4D80BFAFF  __poll                Unknown  Unknown
select.cpython-38  00007FC486E1D90B  Unknown               Unknown  Unknown
python3.8          00005632E7270535  Unknown               Unknown  Unknown
python3.8          00005632E720056D  Unknown               Unknown  Unknown
python             00005632E728B2A2  _PyEval_EvalCodeW     Unknown  Unknown
python             00005632E728C243  _PyFunction_Vecto     Unknown  Unknown
python3.8          00005632E720056D  Unknown               Unknown  Unknown
python             00005632E728C16B  _PyFunction_Vecto     Unknown  Unknown
python3.8          00005632E720056D  Unknown               Unknown  Unknown
python             00005632E728B2A2  _PyEval_EvalCodeW     Unknown  Unknown
python3.8          00005632E728C620  Unknown               Unknown  Unknown
python3.8          00005632E720150B  Unknown               Unknown  Unknown
python             00005632E728B7AF  _PyEval_EvalCodeW     Unknown  Unknown
python             00005632E728C243  _PyFunction_Vecto     Unknown  Unknown
python3.8          00005632E720150B  Unknown               Unknown  Unknown
python             00005632E728C16B  _PyFunction_Vecto     Unknown  Unknown
python3.8          00005632E720056D  Unknown               Unknown  Unknown
python             00005632E728C16B  _PyFunction_Vecto     Unknown  Unknown
python3.8          00005632E720056D  Unknown               Unknown  Unknown
python             00005632E728B2A2  _PyEval_EvalCodeW     Unknown  Unknown
python             00005632E728C243  _PyFunction_Vecto     Unknown  Unknown
python3.8          00005632E720056D  Unknown               Unknown  Unknown
python             00005632E728B2A2  _PyEval_EvalCodeW     Unknown  Unknown
python             00005632E728C243  _PyFunction_Vecto     Unknown  Unknown
python3.8          00005632E720056D  Unknown               Unknown  Unknown
python             00005632E728B7AF  _PyEval_EvalCodeW     Unknown  Unknown
python             00005632E728C243  _PyFunction_Vecto     Unknown  Unknown
python3.8          00005632E720150B  Unknown               Unknown  Unknown
python             00005632E728B2A2  _PyEval_EvalCodeW     Unknown  Unknown
python             00005632E728C054  PyEval_EvalCodeEx     Unknown  Unknown
python             00005632E731A5BC  PyEval_EvalCode       Unknown  Unknown
python3.8          00005632E731A664  Unknown               Unknown  Unknown
python3.8          00005632E734C874  Unknown               Unknown  Unknown
python             00005632E7215316  PyRun_FileExFlags     Unknown  Unknown
python             00005632E72156FB  PyRun_SimpleFileE     Unknown  Unknown
python3.8          00005632E72165C0  Unknown               Unknown  Unknown
python             00005632E734F389  Py_BytesMain          Unknown  Unknown
libc-2.31.so       00007FC4D7FD10B3  __libc_start_main     Unknown  Unknown
python3.8          00005632E72DF553  Unknown               Unknown  Unknown
GRADIENT

====================Beginning new step 0======================

/home/zander/github_proj/optavc/examples/optimization_analytic/STEP00
checking for correct working dir: /home/zander/github_proj/optavc/examples/optimization_analytic/STEP00
/home/zander/github_proj/optavc/optimize.py:46: FutureWarning: Using `psi4.core.set_gradient` (only used internally for C++ optking; deprecated silently in 1.2) is deprecated, and in 1.4 (or whenever Py optking is adopted) it will stop working

  psi4.core.set_gradient(grad)

====================Beginning new step 1======================

/home/zander/github_proj/optavc/examples/optimization_analytic/STEP00/STEP01
checking for correct working dir: /home/zander/github_proj/optavc/examples/optimization_analytic/STEP00/STEP01
/home/zander/github_proj/optavc/optimize.py:46: FutureWarning: Using `psi4.core.set_gradient` (only used internally for C++ optking; deprecated silently in 1.2) is deprecated, and in 1.4 (or whenever Py optking is adopted) it will stop working

  psi4.core.set_gradient(grad)

====================Beginning new step 2======================

/home/zander/github_proj/optavc/examples/optimization_analytic/STEP00/STEP01/STEP02
checking for correct working dir: /home/zander/github_proj/optavc/examples/optimization_analytic/STEP00/STEP01/STEP02
/home/zander/github_proj/optavc/optimize.py:46: FutureWarning: Using `psi4.core.set_gradient` (only used internally for C++ optking; deprecated silently in 1.2) is deprecated, and in 1.4 (or whenever Py optking is adopted) it will stop working

  psi4.core.set_gradient(grad)

====================Beginning new step 3======================

/home/zander/github_proj/optavc/examples/optimization_analytic/STEP00/STEP01/STEP02/STEP03
checking for correct working dir: /home/zander/github_proj/optavc/examples/optimization_analytic/STEP00/STEP01/STEP02/STEP03
/home/zander/github_proj/optavc/optimize.py:46: FutureWarning: Using `psi4.core.set_gradient` (only used internally for C++ optking; deprecated silently in 1.2) is deprecated, and in 1.4 (or whenever Py optking is adopted) it will stop working

  psi4.core.set_gradient(grad)

====================Beginning new step 4======================

/home/zander/github_proj/optavc/examples/optimization_analytic/STEP00/STEP01/STEP02/STEP03/STEP04
checking for correct working dir: /home/zander/github_proj/optavc/examples/optimization_analytic/STEP00/STEP01/STEP02/STEP03/STEP04
/home/zander/github_proj/optavc/optimize.py:46: FutureWarning: Using `psi4.core.set_gradient` (only used internally for C++ optking; deprecated silently in 1.2) is deprecated, and in 1.4 (or whenever Py optking is adopted) it will stop working

  psi4.core.set_gradient(grad)


 OPTIMIZATION HAS FINISHED!


GRADIENT

====================Beginning new step 0======================

/home/zander/github_proj/optavc/examples/optimization_analytic/STEP00
saving working dir: /home/zander/github_proj/optavc/examples/optimization_analytic
checking for correct working dir: /home/zander/github_proj/optavc/examples/optimization_analytic/STEP00
/home/zander/github_proj/optavc/optimize.py:46: FutureWarning: Using `psi4.core.set_gradient` (only used internally for C++ optking; deprecated silently in 1.2) is deprecated, and in 1.4 (or whenever Py optking is adopted) it will stop working

  psi4.core.set_gradient(grad)

====================Beginning new step 1======================

/home/zander/github_proj/optavc/examples/optimization_analytic/STEP00/STEP01
saving working dir: /home/zander/github_proj/optavc/examples/optimization_analytic/STEP00
checking for correct working dir: /home/zander/github_proj/optavc/examples/optimization_analytic/STEP00/STEP01
/home/zander/github_proj/optavc/optimize.py:46: FutureWarning: Using `psi4.core.set_gradient` (only used internally for C++ optking; deprecated silently in 1.2) is deprecated, and in 1.4 (or whenever Py optking is adopted) it will stop working

  psi4.core.set_gradient(grad)

====================Beginning new step 2======================

/home/zander/github_proj/optavc/examples/optimization_analytic/STEP00/STEP01/STEP02
saving working dir: /home/zander/github_proj/optavc/examples/optimization_analytic/STEP00/STEP01
checking for correct working dir: /home/zander/github_proj/optavc/examples/optimization_analytic/STEP00/STEP01/STEP02
/home/zander/github_proj/optavc/optimize.py:46: FutureWarning: Using `psi4.core.set_gradient` (only used internally for C++ optking; deprecated silently in 1.2) is deprecated, and in 1.4 (or whenever Py optking is adopted) it will stop working

  psi4.core.set_gradient(grad)

====================Beginning new step 3======================

/home/zander/github_proj/optavc/examples/optimization_analytic/STEP00/STEP01/STEP02/STEP03
saving working dir: /home/zander/github_proj/optavc/examples/optimization_analytic/STEP00/STEP01/STEP02
checking for correct working dir: /home/zander/github_proj/optavc/examples/optimization_analytic/STEP00/STEP01/STEP02/STEP03
/home/zander/github_proj/optavc/optimize.py:46: FutureWarning: Using `psi4.core.set_gradient` (only used internally for C++ optking; deprecated silently in 1.2) is deprecated, and in 1.4 (or whenever Py optking is adopted) it will stop working

  psi4.core.set_gradient(grad)

====================Beginning new step 4======================

/home/zander/github_proj/optavc/examples/optimization_analytic/STEP00/STEP01/STEP02/STEP03/STEP04
saving working dir: /home/zander/github_proj/optavc/examples/optimization_analytic/STEP00/STEP01/STEP02/STEP03
checking for correct working dir: /home/zander/github_proj/optavc/examples/optimization_analytic/STEP00/STEP01/STEP02/STEP03/STEP04
/home/zander/github_proj/optavc/optimize.py:46: FutureWarning: Using `psi4.core.set_gradient` (only used internally for C++ optking; deprecated silently in 1.2) is deprecated, and in 1.4 (or whenever Py optking is adopted) it will stop working

  psi4.core.set_gradient(grad)


 OPTIMIZATION HAS FINISHED!


GRADIENT

====================Beginning new step 0======================

/home/zander/github_proj/optavc/examples/optimization_analytic/STEP00
checking for correct working dir: /home/zander/github_proj/optavc/examples/optimization_analytic
/home/zander/github_proj/optavc/optimize.py:46: FutureWarning: Using `psi4.core.set_gradient` (only used internally for C++ optking; deprecated silently in 1.2) is deprecated, and in 1.4 (or whenever Py optking is adopted) it will stop working

  psi4.core.set_gradient(grad)

====================Beginning new step 1======================

/home/zander/github_proj/optavc/examples/optimization_analytic/STEP01
checking for correct working dir: /home/zander/github_proj/optavc/examples/optimization_analytic
/home/zander/github_proj/optavc/optimize.py:46: FutureWarning: Using `psi4.core.set_gradient` (only used internally for C++ optking; deprecated silently in 1.2) is deprecated, and in 1.4 (or whenever Py optking is adopted) it will stop working

  psi4.core.set_gradient(grad)

====================Beginning new step 2======================

/home/zander/github_proj/optavc/examples/optimization_analytic/STEP02
checking for correct working dir: /home/zander/github_proj/optavc/examples/optimization_analytic
/home/zander/github_proj/optavc/optimize.py:46: FutureWarning: Using `psi4.core.set_gradient` (only used internally for C++ optking; deprecated silently in 1.2) is deprecated, and in 1.4 (or whenever Py optking is adopted) it will stop working

  psi4.core.set_gradient(grad)

====================Beginning new step 3======================

/home/zander/github_proj/optavc/examples/optimization_analytic/STEP03
checking for correct working dir: /home/zander/github_proj/optavc/examples/optimization_analytic
/home/zander/github_proj/optavc/optimize.py:46: FutureWarning: Using `psi4.core.set_gradient` (only used internally for C++ optking; deprecated silently in 1.2) is deprecated, and in 1.4 (or whenever Py optking is adopted) it will stop working

  psi4.core.set_gradient(grad)

====================Beginning new step 4======================

/home/zander/github_proj/optavc/examples/optimization_analytic/STEP04
checking for correct working dir: /home/zander/github_proj/optavc/examples/optimization_analytic
/home/zander/github_proj/optavc/optimize.py:46: FutureWarning: Using `psi4.core.set_gradient` (only used internally for C++ optking; deprecated silently in 1.2) is deprecated, and in 1.4 (or whenever Py optking is adopted) it will stop working

  psi4.core.set_gradient(grad)


 OPTIMIZATION HAS FINISHED!


